host: g-h-1-8-07
Building DAG of jobs...
Using shell: /usr/bin/bash
Provided remote nodes: 1
Select jobs to execute...
Execute 1 jobs...

[Wed Oct  8 14:52:54 2025]
rule raw_fastqc:
    input: /tgen_labs/jfryer/kolney/sepsis_human/fastq/Fryer-49_367_210_S86_L001_R1_001.fastq.gz, /tgen_labs/jfryer/kolney/sepsis_human/fastq/Fryer-49_367_210_S86_L001_R2_001.fastq.gz
    output: ../../rawQC/Brain_control_F_49_fq1_fastqc.zip, ../../rawQC/Brain_control_F_49_fq1_fastqc.html, ../../rawQC/Brain_control_F_49_fq2_fastqc.zip, ../../rawQC/Brain_control_F_49_fq2_fastqc.html
    jobid: 0
    reason: Forced execution
    wildcards: sample=Brain_control_F_49
    resources: mem_mb=64000, mem_mib=61036, disk_mb=7302, disk_mib=6964, tmpdir=<TBD>, ntasks=1, runtime=60, cpus_per_task=8
host: g-h-1-8-07
Building DAG of jobs...
Using shell: /usr/bin/bash
Provided cores: 8
Rules claiming more threads will be scaled down.
Select jobs to execute...
Execute 1 jobs...

[Wed Oct  8 14:52:57 2025]
localrule raw_fastqc:
    input: /tgen_labs/jfryer/kolney/sepsis_human/fastq/Fryer-49_367_210_S86_L001_R1_001.fastq.gz, /tgen_labs/jfryer/kolney/sepsis_human/fastq/Fryer-49_367_210_S86_L001_R2_001.fastq.gz
    output: ../../rawQC/Brain_control_F_49_fq1_fastqc.zip, ../../rawQC/Brain_control_F_49_fq1_fastqc.html, ../../rawQC/Brain_control_F_49_fq2_fastqc.zip, ../../rawQC/Brain_control_F_49_fq2_fastqc.html
    jobid: 0
    reason: Forced execution
    wildcards: sample=Brain_control_F_49
    resources: mem_mb=64000, mem_mib=61036, disk_mb=7302, disk_mib=6964, tmpdir=/tmp, ntasks=1, runtime=60, cpus_per_task=8
application/gzip
Started analysis of Fryer-49_367_210_S86_L001_R1_001.fastq.gz
Approx 5% complete for Fryer-49_367_210_S86_L001_R1_001.fastq.gz
Approx 10% complete for Fryer-49_367_210_S86_L001_R1_001.fastq.gz
Approx 15% complete for Fryer-49_367_210_S86_L001_R1_001.fastq.gz
Approx 20% complete for Fryer-49_367_210_S86_L001_R1_001.fastq.gz
Approx 25% complete for Fryer-49_367_210_S86_L001_R1_001.fastq.gz
Approx 30% complete for Fryer-49_367_210_S86_L001_R1_001.fastq.gz
Approx 35% complete for Fryer-49_367_210_S86_L001_R1_001.fastq.gz
Approx 40% complete for Fryer-49_367_210_S86_L001_R1_001.fastq.gz
Approx 45% complete for Fryer-49_367_210_S86_L001_R1_001.fastq.gz
Approx 50% complete for Fryer-49_367_210_S86_L001_R1_001.fastq.gz
Approx 55% complete for Fryer-49_367_210_S86_L001_R1_001.fastq.gz
Approx 60% complete for Fryer-49_367_210_S86_L001_R1_001.fastq.gz
